<?xml version="1.0" encoding="UTF-8"?>
<!-- Generated by org.testng.reporters.JUnitXMLReporter -->
<testsuite ignored="0" hostname="DESKTOP-C1282G7" failures="0" tests="1" name="Test-runner-2" time="0.869" errors="0" timestamp="2025-05-03T12:47:14 IST">
  <testcase classname="genericUtilities.BaseClass" name="@BeforeTest bcConfig" time="0.002">
    <failure type="java.io.FileNotFoundException" message=".\src\test\resources\commondata1.properties (The system cannot find the file specified)">
      <![CDATA[java.io.FileNotFoundException: .\src\test\resources\commondata1.properties (The system cannot find the file specified)
at java.base/java.io.FileInputStream.open0(Native Method)
at java.base/java.io.FileInputStream.open(FileInputStream.java:213)
at java.base/java.io.FileInputStream.<init>(FileInputStream.java:152)
at java.base/java.io.FileInputStream.<init>(FileInputStream.java:106)
at genericUtilities.FileUtilities.readDataFromPropertyFile(FileUtilities.java:28)
at genericUtilities.BaseClass.bcConfig(BaseClass.java:39)
at java.base/java.util.concurrent.FutureTask.run(FutureTask.java:317)
at java.base/java.util.concurrent.ThreadPoolExecutor.runWorker(ThreadPoolExecutor.java:1144)
at java.base/java.util.concurrent.ThreadPoolExecutor$Worker.run(ThreadPoolExecutor.java:642)
at java.base/java.lang.Thread.run(Thread.java:1583)
... Removed 13 stack frames]]>
    </failure>
  </testcase> <!-- @BeforeTest bcConfig -->
  <testcase classname="genericUtilities.BaseClass" name="@BeforeMethod bmConfig" time="0.001">
    <failure type="java.io.FileNotFoundException" message=".\src\test\resources\commondata1.properties (The system cannot find the file specified)">
      <![CDATA[java.io.FileNotFoundException: .\src\test\resources\commondata1.properties (The system cannot find the file specified)
at java.base/java.io.FileInputStream.open0(Native Method)
at java.base/java.io.FileInputStream.open(FileInputStream.java:213)
at java.base/java.io.FileInputStream.<init>(FileInputStream.java:152)
at java.base/java.io.FileInputStream.<init>(FileInputStream.java:106)
at genericUtilities.FileUtilities.readDataFromPropertyFile(FileUtilities.java:28)
at genericUtilities.BaseClass.bmConfig(BaseClass.java:54)
at java.base/java.util.ArrayList.forEach(ArrayList.java:1596)
at java.base/java.util.concurrent.FutureTask.run(FutureTask.java:317)
at java.base/java.util.concurrent.ThreadPoolExecutor.runWorker(ThreadPoolExecutor.java:1144)
at java.base/java.util.concurrent.ThreadPoolExecutor$Worker.run(ThreadPoolExecutor.java:642)
at java.base/java.lang.Thread.run(Thread.java:1583)
... Removed 20 stack frames]]>
    </failure>
  </testcase> <!-- @BeforeMethod bmConfig -->
  <testcase classname="genericUtilities.BaseClass" name="@AfterMethod amConfig" time="0.235">
    <failure type="java.lang.NullPointerException" message="Cannot invoke &amp;quot;org.openqa.selenium.SearchContext.findElement(org.openqa.selenium.By)&amp;quot; because &amp;quot;this.searchContext&amp;quot; is null">
      <![CDATA[java.lang.NullPointerException: Cannot invoke "org.openqa.selenium.SearchContext.findElement(org.openqa.selenium.By)" because "this.searchContext" is null
at org.openqa.selenium.support.pagefactory.DefaultElementLocator.findElement(DefaultElementLocator.java:68)
at org.openqa.selenium.support.pagefactory.internal.LocatingElementHandler.invoke(LocatingElementHandler.java:38)
at jdk.proxy2/jdk.proxy2.$Proxy16.click(Unknown Source)
at objectRepository.InventoryPage.logoutOfApp(InventoryPage.java:68)
at genericUtilities.BaseClass.amConfig(BaseClass.java:68)
at java.base/java.util.ArrayList.forEach(ArrayList.java:1596)
at java.base/java.util.concurrent.FutureTask.run(FutureTask.java:317)
at java.base/java.util.concurrent.ThreadPoolExecutor.runWorker(ThreadPoolExecutor.java:1144)
at java.base/java.util.concurrent.ThreadPoolExecutor$Worker.run(ThreadPoolExecutor.java:642)
at java.base/java.lang.Thread.run(Thread.java:1583)
... Removed 21 stack frames]]>
    </failure>
  </testcase> <!-- @AfterMethod amConfig -->
  <testcase classname="genericUtilities.BaseClass" name="@AfterClass acConfig" time="-1.746256634773E9">
    <skipped/>
  </testcase> <!-- @AfterClass acConfig -->
  <testcase classname="inventoryTests.AddLowestPriceProductToCartTest" name="tc_02_AddLowestPriceProductToCartTest" time="0.0">
    <skipped/>
  </testcase> <!-- tc_02_AddLowestPriceProductToCartTest -->
</testsuite> <!-- Test-runner-2 -->
